<?xml version="1.0" encoding="UTF-8"?>
<testng-results ignored="0" total="2" passed="2" failed="0" skipped="0">
  <reporter-output>
  </reporter-output>
  <suite started-at="2024-02-15T14:32:07 IST" name="inetBankingV1_Project1" finished-at="2024-02-15T14:33:25 IST" duration-ms="78706">
    <groups>
    </groups>
    <test started-at="2024-02-15T14:32:07 IST" name="BankingApp Test" finished-at="2024-02-15T14:33:25 IST" duration-ms="78706">
      <class name="com.inetBanking.TestCases.TC_NewCustmer_003">
        <test-method is-config="true" signature="setUp(java.lang.String)[pri:0, instance:com.inetBanking.TestCases.TC_NewCustmer_003@61862a7f]" started-at="2024-02-15T14:32:55 IST" name="setUp" finished-at="2024-02-15T14:33:05 IST" duration-ms="10253" status="PASS">
          <params>
            <param index="0">
              <value>
                <![CDATA[chrome]]>
              </value>
            </param>
          </params>
          <reporter-output>
          </reporter-output>
        </test-method> <!-- setUp -->
        <test-method signature="addNewCustomer()[pri:0, instance:com.inetBanking.TestCases.TC_NewCustmer_003@61862a7f]" started-at="2024-02-15T14:33:05 IST" name="addNewCustomer" finished-at="2024-02-15T14:33:25 IST" duration-ms="20307" status="PASS">
          <reporter-output>
          </reporter-output>
        </test-method> <!-- addNewCustomer -->
        <test-method is-config="true" signature="tearDown()[pri:0, instance:com.inetBanking.TestCases.TC_NewCustmer_003@61862a7f]" started-at="2024-02-15T14:33:25 IST" name="tearDown" finished-at="2024-02-15T14:33:25 IST" duration-ms="283" status="PASS">
          <reporter-output>
          </reporter-output>
        </test-method> <!-- tearDown -->
      </class> <!-- com.inetBanking.TestCases.TC_NewCustmer_003 -->
      <class name="com.inetBanking.TestCases.TC_LoginTest_001">
        <test-method is-config="true" signature="setUp(java.lang.String)[pri:0, instance:com.inetBanking.TestCases.TC_LoginTest_001@498d318c]" started-at="2024-02-15T14:32:07 IST" name="setUp" finished-at="2024-02-15T14:32:23 IST" duration-ms="15638" status="PASS">
          <params>
            <param index="0">
              <value>
                <![CDATA[chrome]]>
              </value>
            </param>
          </params>
          <reporter-output>
          </reporter-output>
        </test-method> <!-- setUp -->
        <test-method signature="loginTest()[pri:0, instance:com.inetBanking.TestCases.TC_LoginTest_001@498d318c]" started-at="2024-02-15T14:32:23 IST" name="loginTest" finished-at="2024-02-15T14:32:54 IST" duration-ms="31098" status="PASS">
          <reporter-output>
          </reporter-output>
        </test-method> <!-- loginTest -->
        <test-method is-config="true" signature="tearDown()[pri:0, instance:com.inetBanking.TestCases.TC_LoginTest_001@498d318c]" started-at="2024-02-15T14:32:54 IST" name="tearDown" finished-at="2024-02-15T14:32:55 IST" duration-ms="468" status="PASS">
          <reporter-output>
          </reporter-output>
        </test-method> <!-- tearDown -->
      </class> <!-- com.inetBanking.TestCases.TC_LoginTest_001 -->
    </test> <!-- BankingApp Test -->
  </suite> <!-- inetBankingV1_Project1 -->
</testng-results>
