<?xml version="1.0" encoding="UTF-8"?>
<testng-results ignored="0" total="2" passed="2" failed="0" skipped="0">
  <reporter-output>
  </reporter-output>
  <suite started-at="2024-02-15T14:30:20 IST" name="inetBankingV1_Project1" finished-at="2024-02-15T14:31:30 IST" duration-ms="69494">
    <groups>
    </groups>
    <test started-at="2024-02-15T14:30:20 IST" name="BankingApp Test" finished-at="2024-02-15T14:31:30 IST" duration-ms="69494">
      <class name="com.inetBanking.TestCases.TC_NewCustmer_003">
        <test-method is-config="true" signature="setUp(java.lang.String)[pri:0, instance:com.inetBanking.TestCases.TC_NewCustmer_003@158da8e]" started-at="2024-02-15T14:30:55 IST" name="setUp" finished-at="2024-02-15T14:31:06 IST" duration-ms="10541" status="PASS">
          <params>
            <param index="0">
              <value>
                <![CDATA[chrome]]>
              </value>
            </param>
          </params>
          <reporter-output>
          </reporter-output>
        </test-method> <!-- setUp -->
        <test-method signature="addNewCustomer()[pri:0, instance:com.inetBanking.TestCases.TC_NewCustmer_003@158da8e]" started-at="2024-02-15T14:31:06 IST" name="addNewCustomer" finished-at="2024-02-15T14:31:29 IST" duration-ms="22707" status="PASS">
          <reporter-output>
          </reporter-output>
        </test-method> <!-- addNewCustomer -->
        <test-method is-config="true" signature="tearDown()[pri:0, instance:com.inetBanking.TestCases.TC_NewCustmer_003@158da8e]" started-at="2024-02-15T14:31:29 IST" name="tearDown" finished-at="2024-02-15T14:31:30 IST" duration-ms="1198" status="PASS">
          <reporter-output>
          </reporter-output>
        </test-method> <!-- tearDown -->
      </class> <!-- com.inetBanking.TestCases.TC_NewCustmer_003 -->
      <class name="com.inetBanking.TestCases.TC_LoginTest_001">
        <test-method is-config="true" signature="setUp(java.lang.String)[pri:0, instance:com.inetBanking.TestCases.TC_LoginTest_001@5fdcaa40]" started-at="2024-02-15T14:30:21 IST" name="setUp" finished-at="2024-02-15T14:30:47 IST" duration-ms="25810" status="PASS">
          <params>
            <param index="0">
              <value>
                <![CDATA[chrome]]>
              </value>
            </param>
          </params>
          <reporter-output>
          </reporter-output>
        </test-method> <!-- setUp -->
        <test-method signature="loginTest()[pri:0, instance:com.inetBanking.TestCases.TC_LoginTest_001@5fdcaa40]" started-at="2024-02-15T14:30:47 IST" name="loginTest" finished-at="2024-02-15T14:30:55 IST" duration-ms="7927" status="PASS">
          <reporter-output>
          </reporter-output>
        </test-method> <!-- loginTest -->
        <test-method is-config="true" signature="tearDown()[pri:0, instance:com.inetBanking.TestCases.TC_LoginTest_001@5fdcaa40]" started-at="2024-02-15T14:30:55 IST" name="tearDown" finished-at="2024-02-15T14:30:55 IST" duration-ms="495" status="PASS">
          <reporter-output>
          </reporter-output>
        </test-method> <!-- tearDown -->
      </class> <!-- com.inetBanking.TestCases.TC_LoginTest_001 -->
    </test> <!-- BankingApp Test -->
  </suite> <!-- inetBankingV1_Project1 -->
</testng-results>
