<?xml version="1.0" encoding="UTF-8"?>
<!-- Generated by org.testng.reporters.JUnitXMLReporter -->
<testsuite ignored="0" hostname="LAPTOP-1GAU6AJL" failures="0" tests="2" name="BankingApp Test" time="78.706" errors="0" timestamp="2024-02-15T14:33:27 IST">
  <testcase classname="com.inetBanking.TestCases.TC_LoginTest_001" name="loginTest" time="31.098"/>
  <testcase classname="com.inetBanking.TestCases.TC_NewCustmer_003" name="addNewCustomer" time="20.307"/>
</testsuite> <!-- BankingApp Test -->
